[2016-08-31 23:21:36] live.ERROR: exception 'ErrorException' with message 'file_put_contents(/tmp/sendToAdmin): failed to open stream: Permission denied' in /home/wanderer/code/task4it-api/vendor/jeremeamia/SuperClosure/src/SerializableClosure.php(210) : eval()'d code:2
Stack trace:
#0 [internal function]: Illuminate\Foundation\Bootstrap\HandleExceptions->handleError(2, 'file_put_conten...', '/home/wanderer/...', 2, Array)
#1 /home/wanderer/code/task4it-api/vendor/jeremeamia/SuperClosure/src/SerializableClosure.php(210) : eval()'d code(2): file_put_contents('/tmp/sendToAdmi...', 'emailData2: Arr...', 8)
#2 [internal function]: {closure}(Object(Illuminate\Mail\Message))
#3 /home/wanderer/code/task4it-api/vendor/laravel/framework/src/Illuminate/Mail/Mailer.php(428): call_user_func(Object(Closure), Object(Illuminate\Mail\Message))
#4 /home/wanderer/code/task4it-api/vendor/laravel/framework/src/Illuminate/Mail/Mailer.php(171): Illuminate\Mail\Mailer->callMessageBuilder(Object(Closure), Object(Illuminate\Mail\Message))
#5 /home/wanderer/code/task4it-api/vendor/laravel/framework/src/Illuminate/Mail/Mailer.php(284): Illuminate\Mail\Mailer->send('emails.general', Array, Object(Closure))
#6 /home/wanderer/code/task4it-api/vendor/laravel/framework/src/Illuminate/Queue/Jobs/Job.php(129): Illuminate\Mail\Mailer->handleQueuedMessage(Object(Illuminate\Queue\Jobs\RedisJob), Array)
#7 /home/wanderer/code/task4it-api/vendor/laravel/framework/src/Illuminate/Queue/Jobs/RedisJob.php(50): Illuminate\Queue\Jobs\Job->resolveAndFire(Array)
#8 /home/wanderer/code/task4it-api/vendor/laravel/framework/src/Illuminate/Queue/Worker.php(208): Illuminate\Queue\Jobs\RedisJob->fire()
#9 /home/wanderer/code/task4it-api/vendor/laravel/framework/src/Illuminate/Queue/Worker.php(159): Illuminate\Queue\Worker->process('redis', Object(Illuminate\Queue\Jobs\RedisJob), '3', 0)
#10 /home/wanderer/code/task4it-api/vendor/laravel/framework/src/Illuminate/Queue/Worker.php(111): Illuminate\Queue\Worker->pop(NULL, NULL, 0, 3, '3')
#11 /home/wanderer/code/task4it-api/vendor/laravel/framework/src/Illuminate/Queue/Worker.php(87): Illuminate\Queue\Worker->runNextJobForDaemon(NULL, NULL, 0, 3, '3')
#12 /home/wanderer/code/task4it-api/vendor/laravel/framework/src/Illuminate/Queue/Console/WorkCommand.php(103): Illuminate\Queue\Worker->daemon(NULL, NULL, 0, 128, 3, '3')
#13 /home/wanderer/code/task4it-api/vendor/laravel/framework/src/Illuminate/Queue/Console/WorkCommand.php(71): Illuminate\Queue\Console\WorkCommand->runWorker(NULL, NULL, 0, 128, true)
#14 [internal function]: Illuminate\Queue\Console\WorkCommand->fire()
#15 /home/wanderer/code/task4it-api/bootstrap/cache/compiled.php(1187): call_user_func_array(Array, Array)
#16 /home/wanderer/code/task4it-api/vendor/laravel/framework/src/Illuminate/Console/Command.php(150): Illuminate\Container\Container->call(Array)
#17 /home/wanderer/code/task4it-api/vendor/symfony/console/Command/Command.php(256): Illuminate\Console\Command->execute(Object(Symfony\Component\Console\Input\ArgvInput), Object(Symfony\Component\Console\Output\ConsoleOutput))
#18 /home/wanderer/code/task4it-api/vendor/laravel/framework/src/Illuminate/Console/Command.php(136): Symfony\Component\Console\Command\Command->run(Object(Symfony\Component\Console\Input\ArgvInput), Object(Symfony\Component\Console\Output\ConsoleOutput))
#19 /home/wanderer/code/task4it-api/vendor/symfony/console/Application.php(841): Illuminate\Console\Command->run(Object(Symfony\Component\Console\Input\ArgvInput), Object(Symfony\Component\Console\Output\ConsoleOutput))
#20 /home/wanderer/code/task4it-api/vendor/symfony/console/Application.php(189): Symfony\Component\Console\Application->doRunCommand(Object(Illuminate\Queue\Console\WorkCommand), Object(Symfony\Component\Console\Input\ArgvInput), Object(Symfony\Component\Console\Output\ConsoleOutput))
#21 /home/wanderer/code/task4it-api/vendor/symfony/console/Application.php(120): Symfony\Component\Console\Application->doRun(Object(Symfony\Component\Console\Input\ArgvInput), Object(Symfony\Component\Console\Output\ConsoleOutput))
#22 /home/wanderer/code/task4it-api/vendor/laravel/framework/src/Illuminate/Foundation/Console/Kernel.php(107): Symfony\Component\Console\Application->run(Object(Symfony\Component\Console\Input\ArgvInput), Object(Symfony\Component\Console\Output\ConsoleOutput))
#23 /home/wanderer/code/task4it-api/artisan(36): Illuminate\Foundation\Console\Kernel->handle(Object(Symfony\Component\Console\Input\ArgvInput), Object(Symfony\Component\Console\Output\ConsoleOutput))
#24 {main}  

[2016-08-31 23:21:36] live.ERROR: exception 'ErrorException' with message 'file_put_contents(/tmp/sendToAdmin): failed to open stream: Permission denied' in /home/wanderer/code/task4it-api/vendor/jeremeamia/SuperClosure/src/SerializableClosure.php(210) : eval()'d code:2
Stack trace:
#0 [internal function]: Illuminate\Foundation\Bootstrap\HandleExceptions->handleError(2, 'file_put_conten...', '/home/wanderer/...', 2, Array)
#1 /home/wanderer/code/task4it-api/vendor/jeremeamia/SuperClosure/src/SerializableClosure.php(210) : eval()'d code(2): file_put_contents('/tmp/sendToAdmi...', 'emailData2: Arr...', 8)
#2 [internal function]: {closure}(Object(Illuminate\Mail\Message))
#3 /home/wanderer/code/task4it-api/vendor/laravel/framework/src/Illuminate/Mail/Mailer.php(428): call_user_func(Object(Closure), Object(Illuminate\Mail\Message))
#4 /home/wanderer/code/task4it-api/vendor/laravel/framework/src/Illuminate/Mail/Mailer.php(171): Illuminate\Mail\Mailer->callMessageBuilder(Object(Closure), Object(Illuminate\Mail\Message))
#5 /home/wanderer/code/task4it-api/vendor/laravel/framework/src/Illuminate/Mail/Mailer.php(284): Illuminate\Mail\Mailer->send('emails.general', Array, Object(Closure))
#6 /home/wanderer/code/task4it-api/vendor/laravel/framework/src/Illuminate/Queue/Jobs/Job.php(129): Illuminate\Mail\Mailer->handleQueuedMessage(Object(Illuminate\Queue\Jobs\RedisJob), Array)
#7 /home/wanderer/code/task4it-api/vendor/laravel/framework/src/Illuminate/Queue/Jobs/RedisJob.php(50): Illuminate\Queue\Jobs\Job->resolveAndFire(Array)
#8 /home/wanderer/code/task4it-api/vendor/laravel/framework/src/Illuminate/Queue/Worker.php(208): Illuminate\Queue\Jobs\RedisJob->fire()
#9 /home/wanderer/code/task4it-api/vendor/laravel/framework/src/Illuminate/Queue/Worker.php(159): Illuminate\Queue\Worker->process('redis', Object(Illuminate\Queue\Jobs\RedisJob), '3', 0)
#10 /home/wanderer/code/task4it-api/vendor/laravel/framework/src/Illuminate/Queue/Worker.php(111): Illuminate\Queue\Worker->pop(NULL, NULL, 0, 3, '3')
#11 /home/wanderer/code/task4it-api/vendor/laravel/framework/src/Illuminate/Queue/Worker.php(87): Illuminate\Queue\Worker->runNextJobForDaemon(NULL, NULL, 0, 3, '3')
#12 /home/wanderer/code/task4it-api/vendor/laravel/framework/src/Illuminate/Queue/Console/WorkCommand.php(103): Illuminate\Queue\Worker->daemon(NULL, NULL, 0, 128, 3, '3')
#13 /home/wanderer/code/task4it-api/vendor/laravel/framework/src/Illuminate/Queue/Console/WorkCommand.php(71): Illuminate\Queue\Console\WorkCommand->runWorker(NULL, NULL, 0, 128, true)
#14 [internal function]: Illuminate\Queue\Console\WorkCommand->fire()
#15 /home/wanderer/code/task4it-api/bootstrap/cache/compiled.php(1187): call_user_func_array(Array, Array)
#16 /home/wanderer/code/task4it-api/vendor/laravel/framework/src/Illuminate/Console/Command.php(150): Illuminate\Container\Container->call(Array)
#17 /home/wanderer/code/task4it-api/vendor/symfony/console/Command/Command.php(256): Illuminate\Console\Command->execute(Object(Symfony\Component\Console\Input\ArgvInput), Object(Symfony\Component\Console\Output\ConsoleOutput))
#18 /home/wanderer/code/task4it-api/vendor/laravel/framework/src/Illuminate/Console/Command.php(136): Symfony\Component\Console\Command\Command->run(Object(Symfony\Component\Console\Input\ArgvInput), Object(Symfony\Component\Console\Output\ConsoleOutput))
#19 /home/wanderer/code/task4it-api/vendor/symfony/console/Application.php(841): Illuminate\Console\Command->run(Object(Symfony\Component\Console\Input\ArgvInput), Object(Symfony\Component\Console\Output\ConsoleOutput))
#20 /home/wanderer/code/task4it-api/vendor/symfony/console/Application.php(189): Symfony\Component\Console\Application->doRunCommand(Object(Illuminate\Queue\Console\WorkCommand), Object(Symfony\Component\Console\Input\ArgvInput), Object(Symfony\Component\Console\Output\ConsoleOutput))
#21 /home/wanderer/code/task4it-api/vendor/symfony/console/Application.php(120): Symfony\Component\Console\Application->doRun(Object(Symfony\Component\Console\Input\ArgvInput), Object(Symfony\Component\Console\Output\ConsoleOutput))
#22 /home/wanderer/code/task4it-api/vendor/laravel/framework/src/Illuminate/Foundation/Console/Kernel.php(107): Symfony\Component\Console\Application->run(Object(Symfony\Component\Console\Input\ArgvInput), Object(Symfony\Component\Console\Output\ConsoleOutput))
#23 /home/wanderer/code/task4it-api/artisan(36): Illuminate\Foundation\Console\Kernel->handle(Object(Symfony\Component\Console\Input\ArgvInput), Object(Symfony\Component\Console\Output\ConsoleOutput))
#24 {main}  

[2016-08-31 23:21:36] live.ERROR: exception 'ErrorException' with message 'file_put_contents(/tmp/sendToAdmin): failed to open stream: Permission denied' in /home/wanderer/code/task4it-api/vendor/jeremeamia/SuperClosure/src/SerializableClosure.php(210) : eval()'d code:2
Stack trace:
#0 [internal function]: Illuminate\Foundation\Bootstrap\HandleExceptions->handleError(2, 'file_put_conten...', '/home/wanderer/...', 2, Array)
#1 /home/wanderer/code/task4it-api/vendor/jeremeamia/SuperClosure/src/SerializableClosure.php(210) : eval()'d code(2): file_put_contents('/tmp/sendToAdmi...', 'emailData2: Arr...', 8)
#2 [internal function]: {closure}(Object(Illuminate\Mail\Message))
#3 /home/wanderer/code/task4it-api/vendor/laravel/framework/src/Illuminate/Mail/Mailer.php(428): call_user_func(Object(Closure), Object(Illuminate\Mail\Message))
#4 /home/wanderer/code/task4it-api/vendor/laravel/framework/src/Illuminate/Mail/Mailer.php(171): Illuminate\Mail\Mailer->callMessageBuilder(Object(Closure), Object(Illuminate\Mail\Message))
#5 /home/wanderer/code/task4it-api/vendor/laravel/framework/src/Illuminate/Mail/Mailer.php(284): Illuminate\Mail\Mailer->send('emails.general', Array, Object(Closure))
#6 /home/wanderer/code/task4it-api/vendor/laravel/framework/src/Illuminate/Queue/Jobs/Job.php(129): Illuminate\Mail\Mailer->handleQueuedMessage(Object(Illuminate\Queue\Jobs\RedisJob), Array)
#7 /home/wanderer/code/task4it-api/vendor/laravel/framework/src/Illuminate/Queue/Jobs/RedisJob.php(50): Illuminate\Queue\Jobs\Job->resolveAndFire(Array)
#8 /home/wanderer/code/task4it-api/vendor/laravel/framework/src/Illuminate/Queue/Worker.php(208): Illuminate\Queue\Jobs\RedisJob->fire()
#9 /home/wanderer/code/task4it-api/vendor/laravel/framework/src/Illuminate/Queue/Worker.php(159): Illuminate\Queue\Worker->process('redis', Object(Illuminate\Queue\Jobs\RedisJob), '3', 0)
#10 /home/wanderer/code/task4it-api/vendor/laravel/framework/src/Illuminate/Queue/Worker.php(111): Illuminate\Queue\Worker->pop(NULL, NULL, 0, 3, '3')
#11 /home/wanderer/code/task4it-api/vendor/laravel/framework/src/Illuminate/Queue/Worker.php(87): Illuminate\Queue\Worker->runNextJobForDaemon(NULL, NULL, 0, 3, '3')
#12 /home/wanderer/code/task4it-api/vendor/laravel/framework/src/Illuminate/Queue/Console/WorkCommand.php(103): Illuminate\Queue\Worker->daemon(NULL, NULL, 0, 128, 3, '3')
#13 /home/wanderer/code/task4it-api/vendor/laravel/framework/src/Illuminate/Queue/Console/WorkCommand.php(71): Illuminate\Queue\Console\WorkCommand->runWorker(NULL, NULL, 0, 128, true)
#14 [internal function]: Illuminate\Queue\Console\WorkCommand->fire()
#15 /home/wanderer/code/task4it-api/bootstrap/cache/compiled.php(1187): call_user_func_array(Array, Array)
#16 /home/wanderer/code/task4it-api/vendor/laravel/framework/src/Illuminate/Console/Command.php(150): Illuminate\Container\Container->call(Array)
#17 /home/wanderer/code/task4it-api/vendor/symfony/console/Command/Command.php(256): Illuminate\Console\Command->execute(Object(Symfony\Component\Console\Input\ArgvInput), Object(Symfony\Component\Console\Output\ConsoleOutput))
#18 /home/wanderer/code/task4it-api/vendor/laravel/framework/src/Illuminate/Console/Command.php(136): Symfony\Component\Console\Command\Command->run(Object(Symfony\Component\Console\Input\ArgvInput), Object(Symfony\Component\Console\Output\ConsoleOutput))
#19 /home/wanderer/code/task4it-api/vendor/symfony/console/Application.php(841): Illuminate\Console\Command->run(Object(Symfony\Component\Console\Input\ArgvInput), Object(Symfony\Component\Console\Output\ConsoleOutput))
#20 /home/wanderer/code/task4it-api/vendor/symfony/console/Application.php(189): Symfony\Component\Console\Application->doRunCommand(Object(Illuminate\Queue\Console\WorkCommand), Object(Symfony\Component\Console\Input\ArgvInput), Object(Symfony\Component\Console\Output\ConsoleOutput))
#21 /home/wanderer/code/task4it-api/vendor/symfony/console/Application.php(120): Symfony\Component\Console\Application->doRun(Object(Symfony\Component\Console\Input\ArgvInput), Object(Symfony\Component\Console\Output\ConsoleOutput))
#22 /home/wanderer/code/task4it-api/vendor/laravel/framework/src/Illuminate/Foundation/Console/Kernel.php(107): Symfony\Component\Console\Application->run(Object(Symfony\Component\Console\Input\ArgvInput), Object(Symfony\Component\Console\Output\ConsoleOutput))
#23 /home/wanderer/code/task4it-api/artisan(36): Illuminate\Foundation\Console\Kernel->handle(Object(Symfony\Component\Console\Input\ArgvInput), Object(Symfony\Component\Console\Output\ConsoleOutput))
#24 {main}  

[2016-08-31 23:23:10] live.ERROR: exception 'ErrorException' with message 'file_put_contents(/tmp/sendToAdmin): failed to open stream: Permission denied' in /home/wanderer/code/task4it-api/vendor/jeremeamia/SuperClosure/src/SerializableClosure.php(210) : eval()'d code:2
Stack trace:
#0 [internal function]: Illuminate\Foundation\Bootstrap\HandleExceptions->handleError(2, 'file_put_conten...', '/home/wanderer/...', 2, Array)
#1 /home/wanderer/code/task4it-api/vendor/jeremeamia/SuperClosure/src/SerializableClosure.php(210) : eval()'d code(2): file_put_contents('/tmp/sendToAdmi...', 'emailData2: Arr...', 8)
#2 [internal function]: {closure}(Object(Illuminate\Mail\Message))
#3 /home/wanderer/code/task4it-api/vendor/laravel/framework/src/Illuminate/Mail/Mailer.php(428): call_user_func(Object(Closure), Object(Illuminate\Mail\Message))
#4 /home/wanderer/code/task4it-api/vendor/laravel/framework/src/Illuminate/Mail/Mailer.php(171): Illuminate\Mail\Mailer->callMessageBuilder(Object(Closure), Object(Illuminate\Mail\Message))
#5 /home/wanderer/code/task4it-api/vendor/laravel/framework/src/Illuminate/Mail/Mailer.php(284): Illuminate\Mail\Mailer->send('emails.general', Array, Object(Closure))
#6 /home/wanderer/code/task4it-api/vendor/laravel/framework/src/Illuminate/Queue/Jobs/Job.php(129): Illuminate\Mail\Mailer->handleQueuedMessage(Object(Illuminate\Queue\Jobs\RedisJob), Array)
#7 /home/wanderer/code/task4it-api/vendor/laravel/framework/src/Illuminate/Queue/Jobs/RedisJob.php(50): Illuminate\Queue\Jobs\Job->resolveAndFire(Array)
#8 /home/wanderer/code/task4it-api/vendor/laravel/framework/src/Illuminate/Queue/Worker.php(208): Illuminate\Queue\Jobs\RedisJob->fire()
#9 /home/wanderer/code/task4it-api/vendor/laravel/framework/src/Illuminate/Queue/Worker.php(159): Illuminate\Queue\Worker->process('redis', Object(Illuminate\Queue\Jobs\RedisJob), '3', 0)
#10 /home/wanderer/code/task4it-api/vendor/laravel/framework/src/Illuminate/Queue/Worker.php(111): Illuminate\Queue\Worker->pop(NULL, NULL, 0, 3, '3')
#11 /home/wanderer/code/task4it-api/vendor/laravel/framework/src/Illuminate/Queue/Worker.php(87): Illuminate\Queue\Worker->runNextJobForDaemon(NULL, NULL, 0, 3, '3')
#12 /home/wanderer/code/task4it-api/vendor/laravel/framework/src/Illuminate/Queue/Console/WorkCommand.php(103): Illuminate\Queue\Worker->daemon(NULL, NULL, 0, 128, 3, '3')
#13 /home/wanderer/code/task4it-api/vendor/laravel/framework/src/Illuminate/Queue/Console/WorkCommand.php(71): Illuminate\Queue\Console\WorkCommand->runWorker(NULL, NULL, 0, 128, true)
#14 [internal function]: Illuminate\Queue\Console\WorkCommand->fire()
#15 /home/wanderer/code/task4it-api/bootstrap/cache/compiled.php(1187): call_user_func_array(Array, Array)
#16 /home/wanderer/code/task4it-api/vendor/laravel/framework/src/Illuminate/Console/Command.php(150): Illuminate\Container\Container->call(Array)
#17 /home/wanderer/code/task4it-api/vendor/symfony/console/Command/Command.php(256): Illuminate\Console\Command->execute(Object(Symfony\Component\Console\Input\ArgvInput), Object(Symfony\Component\Console\Output\ConsoleOutput))
#18 /home/wanderer/code/task4it-api/vendor/laravel/framework/src/Illuminate/Console/Command.php(136): Symfony\Component\Console\Command\Command->run(Object(Symfony\Component\Console\Input\ArgvInput), Object(Symfony\Component\Console\Output\ConsoleOutput))
#19 /home/wanderer/code/task4it-api/vendor/symfony/console/Application.php(841): Illuminate\Console\Command->run(Object(Symfony\Component\Console\Input\ArgvInput), Object(Symfony\Component\Console\Output\ConsoleOutput))
#20 /home/wanderer/code/task4it-api/vendor/symfony/console/Application.php(189): Symfony\Component\Console\Application->doRunCommand(Object(Illuminate\Queue\Console\WorkCommand), Object(Symfony\Component\Console\Input\ArgvInput), Object(Symfony\Component\Console\Output\ConsoleOutput))
#21 /home/wanderer/code/task4it-api/vendor/symfony/console/Application.php(120): Symfony\Component\Console\Application->doRun(Object(Symfony\Component\Console\Input\ArgvInput), Object(Symfony\Component\Console\Output\ConsoleOutput))
#22 /home/wanderer/code/task4it-api/vendor/laravel/framework/src/Illuminate/Foundation/Console/Kernel.php(107): Symfony\Component\Console\Application->run(Object(Symfony\Component\Console\Input\ArgvInput), Object(Symfony\Component\Console\Output\ConsoleOutput))
#23 /home/wanderer/code/task4it-api/artisan(36): Illuminate\Foundation\Console\Kernel->handle(Object(Symfony\Component\Console\Input\ArgvInput), Object(Symfony\Component\Console\Output\ConsoleOutput))
#24 {main}  

[2016-08-31 23:23:10] live.ERROR: exception 'ErrorException' with message 'file_put_contents(/tmp/sendToAdmin): failed to open stream: Permission denied' in /home/wanderer/code/task4it-api/vendor/jeremeamia/SuperClosure/src/SerializableClosure.php(210) : eval()'d code:2
Stack trace:
#0 [internal function]: Illuminate\Foundation\Bootstrap\HandleExceptions->handleError(2, 'file_put_conten...', '/home/wanderer/...', 2, Array)
#1 /home/wanderer/code/task4it-api/vendor/jeremeamia/SuperClosure/src/SerializableClosure.php(210) : eval()'d code(2): file_put_contents('/tmp/sendToAdmi...', 'emailData2: Arr...', 8)
#2 [internal function]: {closure}(Object(Illuminate\Mail\Message))
#3 /home/wanderer/code/task4it-api/vendor/laravel/framework/src/Illuminate/Mail/Mailer.php(428): call_user_func(Object(Closure), Object(Illuminate\Mail\Message))
#4 /home/wanderer/code/task4it-api/vendor/laravel/framework/src/Illuminate/Mail/Mailer.php(171): Illuminate\Mail\Mailer->callMessageBuilder(Object(Closure), Object(Illuminate\Mail\Message))
#5 /home/wanderer/code/task4it-api/vendor/laravel/framework/src/Illuminate/Mail/Mailer.php(284): Illuminate\Mail\Mailer->send('emails.general', Array, Object(Closure))
#6 /home/wanderer/code/task4it-api/vendor/laravel/framework/src/Illuminate/Queue/Jobs/Job.php(129): Illuminate\Mail\Mailer->handleQueuedMessage(Object(Illuminate\Queue\Jobs\RedisJob), Array)
#7 /home/wanderer/code/task4it-api/vendor/laravel/framework/src/Illuminate/Queue/Jobs/RedisJob.php(50): Illuminate\Queue\Jobs\Job->resolveAndFire(Array)
#8 /home/wanderer/code/task4it-api/vendor/laravel/framework/src/Illuminate/Queue/Worker.php(208): Illuminate\Queue\Jobs\RedisJob->fire()
#9 /home/wanderer/code/task4it-api/vendor/laravel/framework/src/Illuminate/Queue/Worker.php(159): Illuminate\Queue\Worker->process('redis', Object(Illuminate\Queue\Jobs\RedisJob), '3', 0)
#10 /home/wanderer/code/task4it-api/vendor/laravel/framework/src/Illuminate/Queue/Worker.php(111): Illuminate\Queue\Worker->pop(NULL, NULL, 0, 3, '3')
#11 /home/wanderer/code/task4it-api/vendor/laravel/framework/src/Illuminate/Queue/Worker.php(87): Illuminate\Queue\Worker->runNextJobForDaemon(NULL, NULL, 0, 3, '3')
#12 /home/wanderer/code/task4it-api/vendor/laravel/framework/src/Illuminate/Queue/Console/WorkCommand.php(103): Illuminate\Queue\Worker->daemon(NULL, NULL, 0, 128, 3, '3')
#13 /home/wanderer/code/task4it-api/vendor/laravel/framework/src/Illuminate/Queue/Console/WorkCommand.php(71): Illuminate\Queue\Console\WorkCommand->runWorker(NULL, NULL, 0, 128, true)
#14 [internal function]: Illuminate\Queue\Console\WorkCommand->fire()
#15 /home/wanderer/code/task4it-api/bootstrap/cache/compiled.php(1187): call_user_func_array(Array, Array)
#16 /home/wanderer/code/task4it-api/vendor/laravel/framework/src/Illuminate/Console/Command.php(150): Illuminate\Container\Container->call(Array)
#17 /home/wanderer/code/task4it-api/vendor/symfony/console/Command/Command.php(256): Illuminate\Console\Command->execute(Object(Symfony\Component\Console\Input\ArgvInput), Object(Symfony\Component\Console\Output\ConsoleOutput))
#18 /home/wanderer/code/task4it-api/vendor/laravel/framework/src/Illuminate/Console/Command.php(136): Symfony\Component\Console\Command\Command->run(Object(Symfony\Component\Console\Input\ArgvInput), Object(Symfony\Component\Console\Output\ConsoleOutput))
#19 /home/wanderer/code/task4it-api/vendor/symfony/console/Application.php(841): Illuminate\Console\Command->run(Object(Symfony\Component\Console\Input\ArgvInput), Object(Symfony\Component\Console\Output\ConsoleOutput))
#20 /home/wanderer/code/task4it-api/vendor/symfony/console/Application.php(189): Symfony\Component\Console\Application->doRunCommand(Object(Illuminate\Queue\Console\WorkCommand), Object(Symfony\Component\Console\Input\ArgvInput), Object(Symfony\Component\Console\Output\ConsoleOutput))
#21 /home/wanderer/code/task4it-api/vendor/symfony/console/Application.php(120): Symfony\Component\Console\Application->doRun(Object(Symfony\Component\Console\Input\ArgvInput), Object(Symfony\Component\Console\Output\ConsoleOutput))
#22 /home/wanderer/code/task4it-api/vendor/laravel/framework/src/Illuminate/Foundation/Console/Kernel.php(107): Symfony\Component\Console\Application->run(Object(Symfony\Component\Console\Input\ArgvInput), Object(Symfony\Component\Console\Output\ConsoleOutput))
#23 /home/wanderer/code/task4it-api/artisan(36): Illuminate\Foundation\Console\Kernel->handle(Object(Symfony\Component\Console\Input\ArgvInput), Object(Symfony\Component\Console\Output\ConsoleOutput))
#24 {main}  

[2016-08-31 23:23:10] live.ERROR: exception 'ErrorException' with message 'file_put_contents(/tmp/sendToAdmin): failed to open stream: Permission denied' in /home/wanderer/code/task4it-api/vendor/jeremeamia/SuperClosure/src/SerializableClosure.php(210) : eval()'d code:2
Stack trace:
#0 [internal function]: Illuminate\Foundation\Bootstrap\HandleExceptions->handleError(2, 'file_put_conten...', '/home/wanderer/...', 2, Array)
#1 /home/wanderer/code/task4it-api/vendor/jeremeamia/SuperClosure/src/SerializableClosure.php(210) : eval()'d code(2): file_put_contents('/tmp/sendToAdmi...', 'emailData2: Arr...', 8)
#2 [internal function]: {closure}(Object(Illuminate\Mail\Message))
#3 /home/wanderer/code/task4it-api/vendor/laravel/framework/src/Illuminate/Mail/Mailer.php(428): call_user_func(Object(Closure), Object(Illuminate\Mail\Message))
#4 /home/wanderer/code/task4it-api/vendor/laravel/framework/src/Illuminate/Mail/Mailer.php(171): Illuminate\Mail\Mailer->callMessageBuilder(Object(Closure), Object(Illuminate\Mail\Message))
#5 /home/wanderer/code/task4it-api/vendor/laravel/framework/src/Illuminate/Mail/Mailer.php(284): Illuminate\Mail\Mailer->send('emails.general', Array, Object(Closure))
#6 /home/wanderer/code/task4it-api/vendor/laravel/framework/src/Illuminate/Queue/Jobs/Job.php(129): Illuminate\Mail\Mailer->handleQueuedMessage(Object(Illuminate\Queue\Jobs\RedisJob), Array)
#7 /home/wanderer/code/task4it-api/vendor/laravel/framework/src/Illuminate/Queue/Jobs/RedisJob.php(50): Illuminate\Queue\Jobs\Job->resolveAndFire(Array)
#8 /home/wanderer/code/task4it-api/vendor/laravel/framework/src/Illuminate/Queue/Worker.php(208): Illuminate\Queue\Jobs\RedisJob->fire()
#9 /home/wanderer/code/task4it-api/vendor/laravel/framework/src/Illuminate/Queue/Worker.php(159): Illuminate\Queue\Worker->process('redis', Object(Illuminate\Queue\Jobs\RedisJob), '3', 0)
#10 /home/wanderer/code/task4it-api/vendor/laravel/framework/src/Illuminate/Queue/Worker.php(111): Illuminate\Queue\Worker->pop(NULL, NULL, 0, 3, '3')
#11 /home/wanderer/code/task4it-api/vendor/laravel/framework/src/Illuminate/Queue/Worker.php(87): Illuminate\Queue\Worker->runNextJobForDaemon(NULL, NULL, 0, 3, '3')
#12 /home/wanderer/code/task4it-api/vendor/laravel/framework/src/Illuminate/Queue/Console/WorkCommand.php(103): Illuminate\Queue\Worker->daemon(NULL, NULL, 0, 128, 3, '3')
#13 /home/wanderer/code/task4it-api/vendor/laravel/framework/src/Illuminate/Queue/Console/WorkCommand.php(71): Illuminate\Queue\Console\WorkCommand->runWorker(NULL, NULL, 0, 128, true)
#14 [internal function]: Illuminate\Queue\Console\WorkCommand->fire()
#15 /home/wanderer/code/task4it-api/bootstrap/cache/compiled.php(1187): call_user_func_array(Array, Array)
#16 /home/wanderer/code/task4it-api/vendor/laravel/framework/src/Illuminate/Console/Command.php(150): Illuminate\Container\Container->call(Array)
#17 /home/wanderer/code/task4it-api/vendor/symfony/console/Command/Command.php(256): Illuminate\Console\Command->execute(Object(Symfony\Component\Console\Input\ArgvInput), Object(Symfony\Component\Console\Output\ConsoleOutput))
#18 /home/wanderer/code/task4it-api/vendor/laravel/framework/src/Illuminate/Console/Command.php(136): Symfony\Component\Console\Command\Command->run(Object(Symfony\Component\Console\Input\ArgvInput), Object(Symfony\Component\Console\Output\ConsoleOutput))
#19 /home/wanderer/code/task4it-api/vendor/symfony/console/Application.php(841): Illuminate\Console\Command->run(Object(Symfony\Component\Console\Input\ArgvInput), Object(Symfony\Component\Console\Output\ConsoleOutput))
#20 /home/wanderer/code/task4it-api/vendor/symfony/console/Application.php(189): Symfony\Component\Console\Application->doRunCommand(Object(Illuminate\Queue\Console\WorkCommand), Object(Symfony\Component\Console\Input\ArgvInput), Object(Symfony\Component\Console\Output\ConsoleOutput))
#21 /home/wanderer/code/task4it-api/vendor/symfony/console/Application.php(120): Symfony\Component\Console\Application->doRun(Object(Symfony\Component\Console\Input\ArgvInput), Object(Symfony\Component\Console\Output\ConsoleOutput))
#22 /home/wanderer/code/task4it-api/vendor/laravel/framework/src/Illuminate/Foundation/Console/Kernel.php(107): Symfony\Component\Console\Application->run(Object(Symfony\Component\Console\Input\ArgvInput), Object(Symfony\Component\Console\Output\ConsoleOutput))
#23 /home/wanderer/code/task4it-api/artisan(36): Illuminate\Foundation\Console\Kernel->handle(Object(Symfony\Component\Console\Input\ArgvInput), Object(Symfony\Component\Console\Output\ConsoleOutput))
#24 {main}  

[2016-08-31 23:24:02] live.ERROR: exception 'ErrorException' with message 'file_put_contents(/tmp/sendToAdmin): failed to open stream: Permission denied' in /home/wanderer/code/task4it-api/vendor/jeremeamia/SuperClosure/src/SerializableClosure.php(210) : eval()'d code:2
Stack trace:
#0 [internal function]: Illuminate\Foundation\Bootstrap\HandleExceptions->handleError(2, 'file_put_conten...', '/home/wanderer/...', 2, Array)
#1 /home/wanderer/code/task4it-api/vendor/jeremeamia/SuperClosure/src/SerializableClosure.php(210) : eval()'d code(2): file_put_contents('/tmp/sendToAdmi...', 'emailData2: Arr...', 8)
#2 [internal function]: {closure}(Object(Illuminate\Mail\Message))
#3 /home/wanderer/code/task4it-api/vendor/laravel/framework/src/Illuminate/Mail/Mailer.php(428): call_user_func(Object(Closure), Object(Illuminate\Mail\Message))
#4 /home/wanderer/code/task4it-api/vendor/laravel/framework/src/Illuminate/Mail/Mailer.php(171): Illuminate\Mail\Mailer->callMessageBuilder(Object(Closure), Object(Illuminate\Mail\Message))
#5 /home/wanderer/code/task4it-api/vendor/laravel/framework/src/Illuminate/Mail/Mailer.php(284): Illuminate\Mail\Mailer->send('emails.general', Array, Object(Closure))
#6 /home/wanderer/code/task4it-api/vendor/laravel/framework/src/Illuminate/Queue/Jobs/Job.php(129): Illuminate\Mail\Mailer->handleQueuedMessage(Object(Illuminate\Queue\Jobs\RedisJob), Array)
#7 /home/wanderer/code/task4it-api/vendor/laravel/framework/src/Illuminate/Queue/Jobs/RedisJob.php(50): Illuminate\Queue\Jobs\Job->resolveAndFire(Array)
#8 /home/wanderer/code/task4it-api/vendor/laravel/framework/src/Illuminate/Queue/Worker.php(208): Illuminate\Queue\Jobs\RedisJob->fire()
#9 /home/wanderer/code/task4it-api/vendor/laravel/framework/src/Illuminate/Queue/Worker.php(159): Illuminate\Queue\Worker->process('redis', Object(Illuminate\Queue\Jobs\RedisJob), '3', 0)
#10 /home/wanderer/code/task4it-api/vendor/laravel/framework/src/Illuminate/Queue/Worker.php(111): Illuminate\Queue\Worker->pop(NULL, NULL, 0, 3, '3')
#11 /home/wanderer/code/task4it-api/vendor/laravel/framework/src/Illuminate/Queue/Worker.php(87): Illuminate\Queue\Worker->runNextJobForDaemon(NULL, NULL, 0, 3, '3')
#12 /home/wanderer/code/task4it-api/vendor/laravel/framework/src/Illuminate/Queue/Console/WorkCommand.php(103): Illuminate\Queue\Worker->daemon(NULL, NULL, 0, 128, 3, '3')
#13 /home/wanderer/code/task4it-api/vendor/laravel/framework/src/Illuminate/Queue/Console/WorkCommand.php(71): Illuminate\Queue\Console\WorkCommand->runWorker(NULL, NULL, 0, 128, true)
#14 [internal function]: Illuminate\Queue\Console\WorkCommand->fire()
#15 /home/wanderer/code/task4it-api/bootstrap/cache/compiled.php(1187): call_user_func_array(Array, Array)
#16 /home/wanderer/code/task4it-api/vendor/laravel/framework/src/Illuminate/Console/Command.php(150): Illuminate\Container\Container->call(Array)
#17 /home/wanderer/code/task4it-api/vendor/symfony/console/Command/Command.php(256): Illuminate\Console\Command->execute(Object(Symfony\Component\Console\Input\ArgvInput), Object(Symfony\Component\Console\Output\ConsoleOutput))
#18 /home/wanderer/code/task4it-api/vendor/laravel/framework/src/Illuminate/Console/Command.php(136): Symfony\Component\Console\Command\Command->run(Object(Symfony\Component\Console\Input\ArgvInput), Object(Symfony\Component\Console\Output\ConsoleOutput))
#19 /home/wanderer/code/task4it-api/vendor/symfony/console/Application.php(841): Illuminate\Console\Command->run(Object(Symfony\Component\Console\Input\ArgvInput), Object(Symfony\Component\Console\Output\ConsoleOutput))
#20 /home/wanderer/code/task4it-api/vendor/symfony/console/Application.php(189): Symfony\Component\Console\Application->doRunCommand(Object(Illuminate\Queue\Console\WorkCommand), Object(Symfony\Component\Console\Input\ArgvInput), Object(Symfony\Component\Console\Output\ConsoleOutput))
#21 /home/wanderer/code/task4it-api/vendor/symfony/console/Application.php(120): Symfony\Component\Console\Application->doRun(Object(Symfony\Component\Console\Input\ArgvInput), Object(Symfony\Component\Console\Output\ConsoleOutput))
#22 /home/wanderer/code/task4it-api/vendor/laravel/framework/src/Illuminate/Foundation/Console/Kernel.php(107): Symfony\Component\Console\Application->run(Object(Symfony\Component\Console\Input\ArgvInput), Object(Symfony\Component\Console\Output\ConsoleOutput))
#23 /home/wanderer/code/task4it-api/artisan(36): Illuminate\Foundation\Console\Kernel->handle(Object(Symfony\Component\Console\Input\ArgvInput), Object(Symfony\Component\Console\Output\ConsoleOutput))
#24 {main}  

[2016-08-31 23:24:02] live.ERROR: exception 'ErrorException' with message 'file_put_contents(/tmp/sendToAdmin): failed to open stream: Permission denied' in /home/wanderer/code/task4it-api/vendor/jeremeamia/SuperClosure/src/SerializableClosure.php(210) : eval()'d code:2
Stack trace:
#0 [internal function]: Illuminate\Foundation\Bootstrap\HandleExceptions->handleError(2, 'file_put_conten...', '/home/wanderer/...', 2, Array)
#1 /home/wanderer/code/task4it-api/vendor/jeremeamia/SuperClosure/src/SerializableClosure.php(210) : eval()'d code(2): file_put_contents('/tmp/sendToAdmi...', 'emailData2: Arr...', 8)
#2 [internal function]: {closure}(Object(Illuminate\Mail\Message))
#3 /home/wanderer/code/task4it-api/vendor/laravel/framework/src/Illuminate/Mail/Mailer.php(428): call_user_func(Object(Closure), Object(Illuminate\Mail\Message))
#4 /home/wanderer/code/task4it-api/vendor/laravel/framework/src/Illuminate/Mail/Mailer.php(171): Illuminate\Mail\Mailer->callMessageBuilder(Object(Closure), Object(Illuminate\Mail\Message))
#5 /home/wanderer/code/task4it-api/vendor/laravel/framework/src/Illuminate/Mail/Mailer.php(284): Illuminate\Mail\Mailer->send('emails.general', Array, Object(Closure))
#6 /home/wanderer/code/task4it-api/vendor/laravel/framework/src/Illuminate/Queue/Jobs/Job.php(129): Illuminate\Mail\Mailer->handleQueuedMessage(Object(Illuminate\Queue\Jobs\RedisJob), Array)
#7 /home/wanderer/code/task4it-api/vendor/laravel/framework/src/Illuminate/Queue/Jobs/RedisJob.php(50): Illuminate\Queue\Jobs\Job->resolveAndFire(Array)
#8 /home/wanderer/code/task4it-api/vendor/laravel/framework/src/Illuminate/Queue/Worker.php(208): Illuminate\Queue\Jobs\RedisJob->fire()
#9 /home/wanderer/code/task4it-api/vendor/laravel/framework/src/Illuminate/Queue/Worker.php(159): Illuminate\Queue\Worker->process('redis', Object(Illuminate\Queue\Jobs\RedisJob), '3', 0)
#10 /home/wanderer/code/task4it-api/vendor/laravel/framework/src/Illuminate/Queue/Worker.php(111): Illuminate\Queue\Worker->pop(NULL, NULL, 0, 3, '3')
#11 /home/wanderer/code/task4it-api/vendor/laravel/framework/src/Illuminate/Queue/Worker.php(87): Illuminate\Queue\Worker->runNextJobForDaemon(NULL, NULL, 0, 3, '3')
#12 /home/wanderer/code/task4it-api/vendor/laravel/framework/src/Illuminate/Queue/Console/WorkCommand.php(103): Illuminate\Queue\Worker->daemon(NULL, NULL, 0, 128, 3, '3')
#13 /home/wanderer/code/task4it-api/vendor/laravel/framework/src/Illuminate/Queue/Console/WorkCommand.php(71): Illuminate\Queue\Console\WorkCommand->runWorker(NULL, NULL, 0, 128, true)
#14 [internal function]: Illuminate\Queue\Console\WorkCommand->fire()
#15 /home/wanderer/code/task4it-api/bootstrap/cache/compiled.php(1187): call_user_func_array(Array, Array)
#16 /home/wanderer/code/task4it-api/vendor/laravel/framework/src/Illuminate/Console/Command.php(150): Illuminate\Container\Container->call(Array)
#17 /home/wanderer/code/task4it-api/vendor/symfony/console/Command/Command.php(256): Illuminate\Console\Command->execute(Object(Symfony\Component\Console\Input\ArgvInput), Object(Symfony\Component\Console\Output\ConsoleOutput))
#18 /home/wanderer/code/task4it-api/vendor/laravel/framework/src/Illuminate/Console/Command.php(136): Symfony\Component\Console\Command\Command->run(Object(Symfony\Component\Console\Input\ArgvInput), Object(Symfony\Component\Console\Output\ConsoleOutput))
#19 /home/wanderer/code/task4it-api/vendor/symfony/console/Application.php(841): Illuminate\Console\Command->run(Object(Symfony\Component\Console\Input\ArgvInput), Object(Symfony\Component\Console\Output\ConsoleOutput))
#20 /home/wanderer/code/task4it-api/vendor/symfony/console/Application.php(189): Symfony\Component\Console\Application->doRunCommand(Object(Illuminate\Queue\Console\WorkCommand), Object(Symfony\Component\Console\Input\ArgvInput), Object(Symfony\Component\Console\Output\ConsoleOutput))
#21 /home/wanderer/code/task4it-api/vendor/symfony/console/Application.php(120): Symfony\Component\Console\Application->doRun(Object(Symfony\Component\Console\Input\ArgvInput), Object(Symfony\Component\Console\Output\ConsoleOutput))
#22 /home/wanderer/code/task4it-api/vendor/laravel/framework/src/Illuminate/Foundation/Console/Kernel.php(107): Symfony\Component\Console\Application->run(Object(Symfony\Component\Console\Input\ArgvInput), Object(Symfony\Component\Console\Output\ConsoleOutput))
#23 /home/wanderer/code/task4it-api/artisan(36): Illuminate\Foundation\Console\Kernel->handle(Object(Symfony\Component\Console\Input\ArgvInput), Object(Symfony\Component\Console\Output\ConsoleOutput))
#24 {main}  

[2016-08-31 23:24:02] live.ERROR: exception 'ErrorException' with message 'file_put_contents(/tmp/sendToAdmin): failed to open stream: Permission denied' in /home/wanderer/code/task4it-api/vendor/jeremeamia/SuperClosure/src/SerializableClosure.php(210) : eval()'d code:2
Stack trace:
#0 [internal function]: Illuminate\Foundation\Bootstrap\HandleExceptions->handleError(2, 'file_put_conten...', '/home/wanderer/...', 2, Array)
#1 /home/wanderer/code/task4it-api/vendor/jeremeamia/SuperClosure/src/SerializableClosure.php(210) : eval()'d code(2): file_put_contents('/tmp/sendToAdmi...', 'emailData2: Arr...', 8)
#2 [internal function]: {closure}(Object(Illuminate\Mail\Message))
#3 /home/wanderer/code/task4it-api/vendor/laravel/framework/src/Illuminate/Mail/Mailer.php(428): call_user_func(Object(Closure), Object(Illuminate\Mail\Message))
#4 /home/wanderer/code/task4it-api/vendor/laravel/framework/src/Illuminate/Mail/Mailer.php(171): Illuminate\Mail\Mailer->callMessageBuilder(Object(Closure), Object(Illuminate\Mail\Message))
#5 /home/wanderer/code/task4it-api/vendor/laravel/framework/src/Illuminate/Mail/Mailer.php(284): Illuminate\Mail\Mailer->send('emails.general', Array, Object(Closure))
#6 /home/wanderer/code/task4it-api/vendor/laravel/framework/src/Illuminate/Queue/Jobs/Job.php(129): Illuminate\Mail\Mailer->handleQueuedMessage(Object(Illuminate\Queue\Jobs\RedisJob), Array)
#7 /home/wanderer/code/task4it-api/vendor/laravel/framework/src/Illuminate/Queue/Jobs/RedisJob.php(50): Illuminate\Queue\Jobs\Job->resolveAndFire(Array)
#8 /home/wanderer/code/task4it-api/vendor/laravel/framework/src/Illuminate/Queue/Worker.php(208): Illuminate\Queue\Jobs\RedisJob->fire()
#9 /home/wanderer/code/task4it-api/vendor/laravel/framework/src/Illuminate/Queue/Worker.php(159): Illuminate\Queue\Worker->process('redis', Object(Illuminate\Queue\Jobs\RedisJob), '3', 0)
#10 /home/wanderer/code/task4it-api/vendor/laravel/framework/src/Illuminate/Queue/Worker.php(111): Illuminate\Queue\Worker->pop(NULL, NULL, 0, 3, '3')
#11 /home/wanderer/code/task4it-api/vendor/laravel/framework/src/Illuminate/Queue/Worker.php(87): Illuminate\Queue\Worker->runNextJobForDaemon(NULL, NULL, 0, 3, '3')
#12 /home/wanderer/code/task4it-api/vendor/laravel/framework/src/Illuminate/Queue/Console/WorkCommand.php(103): Illuminate\Queue\Worker->daemon(NULL, NULL, 0, 128, 3, '3')
#13 /home/wanderer/code/task4it-api/vendor/laravel/framework/src/Illuminate/Queue/Console/WorkCommand.php(71): Illuminate\Queue\Console\WorkCommand->runWorker(NULL, NULL, 0, 128, true)
#14 [internal function]: Illuminate\Queue\Console\WorkCommand->fire()
#15 /home/wanderer/code/task4it-api/bootstrap/cache/compiled.php(1187): call_user_func_array(Array, Array)
#16 /home/wanderer/code/task4it-api/vendor/laravel/framework/src/Illuminate/Console/Command.php(150): Illuminate\Container\Container->call(Array)
#17 /home/wanderer/code/task4it-api/vendor/symfony/console/Command/Command.php(256): Illuminate\Console\Command->execute(Object(Symfony\Component\Console\Input\ArgvInput), Object(Symfony\Component\Console\Output\ConsoleOutput))
#18 /home/wanderer/code/task4it-api/vendor/laravel/framework/src/Illuminate/Console/Command.php(136): Symfony\Component\Console\Command\Command->run(Object(Symfony\Component\Console\Input\ArgvInput), Object(Symfony\Component\Console\Output\ConsoleOutput))
#19 /home/wanderer/code/task4it-api/vendor/symfony/console/Application.php(841): Illuminate\Console\Command->run(Object(Symfony\Component\Console\Input\ArgvInput), Object(Symfony\Component\Console\Output\ConsoleOutput))
#20 /home/wanderer/code/task4it-api/vendor/symfony/console/Application.php(189): Symfony\Component\Console\Application->doRunCommand(Object(Illuminate\Queue\Console\WorkCommand), Object(Symfony\Component\Console\Input\ArgvInput), Object(Symfony\Component\Console\Output\ConsoleOutput))
#21 /home/wanderer/code/task4it-api/vendor/symfony/console/Application.php(120): Symfony\Component\Console\Application->doRun(Object(Symfony\Component\Console\Input\ArgvInput), Object(Symfony\Component\Console\Output\ConsoleOutput))
#22 /home/wanderer/code/task4it-api/vendor/laravel/framework/src/Illuminate/Foundation/Console/Kernel.php(107): Symfony\Component\Console\Application->run(Object(Symfony\Component\Console\Input\ArgvInput), Object(Symfony\Component\Console\Output\ConsoleOutput))
#23 /home/wanderer/code/task4it-api/artisan(36): Illuminate\Foundation\Console\Kernel->handle(Object(Symfony\Component\Console\Input\ArgvInput), Object(Symfony\Component\Console\Output\ConsoleOutput))
#24 {main}  

